    Finished `dev` profile [unoptimized + debuginfo] target(s) in 0.20s
     Running `target/debug/ag`
[2m2025-10-27T05:30:51.197185Z[0m [32m INFO[0m [2mag[0m[2m:[0m [2msrc/main.rs[0m[2m:[0m[2m43:[0m 🚀 Starting agentic-rag v13.1.2
[2m2025-10-27T05:30:51.197401Z[0m [32m INFO[0m [2mag[0m[2m:[0m [2msrc/main.rs[0m[2m:[0m[2m59:[0m ✓ Configuration loaded with PathManager [3mduration_ms[0m[2m=[0m0
[2m2025-10-27T05:30:51.197443Z[0m [32m INFO[0m [2mag[0m[2m:[0m [2msrc/main.rs[0m[2m:[0m[2m72:[0m 🏠 AG_HOME: /home/pde/.local/share/ag
[2m2025-10-27T05:30:51.197474Z[0m [32m INFO[0m [2mag[0m[2m:[0m [2msrc/main.rs[0m[2m:[0m[2m81:[0m 📦 Initializing database schema...
[2m2025-10-27T05:30:51.197634Z[0m [32m INFO[0m [2mag::db::schema_init[0m[2m:[0m [2msrc/db/schema_init.rs[0m[2m:[0m[2m10:[0m Initializing database schema v13.1.2
[2m2025-10-27T05:30:51.200237Z[0m [32m INFO[0m [2mag::db::schema_init[0m[2m:[0m [2msrc/db/schema_init.rs[0m[2m:[0m[2m13:[0m Database schema initialized
[2m2025-10-27T05:30:51.200324Z[0m [32m INFO[0m [2mag[0m[2m:[0m [2msrc/main.rs[0m[2m:[0m[2m94:[0m ✓ Database initialized [3mduration_ms[0m[2m=[0m2
[2m2025-10-27T05:30:51.200371Z[0m [32m INFO[0m [2mag[0m[2m:[0m [2msrc/main.rs[0m[2m:[0m[2m108:[0m 📦 Initializing Retriever with PathManager...
[2m2025-10-27T05:30:51.203295Z[0m [32m INFO[0m [2mag::retriever[0m[2m:[0m [2msrc/retriever.rs[0m[2m:[0m[2m235:[0m Loaded existing vectors from /home/pde/.local/share/ag/data/vectors.json
[2m2025-10-27T05:30:51.208915Z[0m [32m INFO[0m [2mtantivy::directory::file_watcher[0m[2m:[0m [2m/home/pde/.cargo/registry/src/index.crates.io-1949cf8c6b5b557f/tantivy-0.24.2/src/directory/file_watcher.rs[0m[2m:[0m[2m54:[0m Meta file "/home/pde/.local/share/ag/index/tantivy/meta.json" was modified
[2m2025-10-27T05:30:51.209348Z[0m [32m INFO[0m [2mag[0m[2m:[0m [2msrc/main.rs[0m[2m:[0m[2m116:[0m ✓ Retriever initialized [3mduration_ms[0m[2m=[0m8
[2m2025-10-27T05:30:51.209401Z[0m [32m INFO[0m [2mag[0m[2m:[0m [2msrc/main.rs[0m[2m:[0m[2m131:[0m 📡 Initializing Redis L3 cache...
[2m2025-10-27T05:30:51.210090Z[0m [32m INFO[0m [2mag::cache::redis_cache[0m[2m:[0m [2msrc/cache/redis_cache.rs[0m[2m:[0m[2m24:[0m Redis L3 cache connected (TTL: 3600 seconds)
[2m2025-10-27T05:30:51.210159Z[0m [32m INFO[0m [2mag::retriever[0m[2m:[0m [2msrc/retriever.rs[0m[2m:[0m[2m812:[0m L3 Redis cache set
[2m2025-10-27T05:30:51.210201Z[0m [32m INFO[0m [2mag[0m[2m:[0m [2msrc/main.rs[0m[2m:[0m[2m140:[0m ✅ Redis L3 cache initialized [3mduration_ms[0m[2m=[0m0
[2m2025-10-27T05:30:51.213192Z[0m [32m INFO[0m [2mtantivy::indexer::index_writer[0m[2m:[0m [2m/home/pde/.cargo/registry/src/index.crates.io-1949cf8c6b5b557f/tantivy-0.24.2/src/indexer/index_writer.rs[0m[2m:[0m[2m629:[0m Preparing commit
[2m2025-10-27T05:30:51.250302Z[0m [32m INFO[0m [2mtantivy::indexer::segment_updater[0m[2m:[0m [2m/home/pde/.cargo/registry/src/index.crates.io-1949cf8c6b5b557f/tantivy-0.24.2/src/indexer/segment_updater.rs[0m[2m:[0m[2m511:[0m Starting merge  - [Seg("da61b9a1"), Seg("e5dede35"), Seg("da30d875"), Seg("bbd9ede0"), Seg("67df30bb"), Seg("51f1e6cf"), Seg("74757a46"), Seg("f70c8873"), Seg("a9ad6d23"), Seg("650358d7"), Seg("79e08d2e"), Seg("5c2f82ed"), Seg("12adefd8"), Seg("1a82cff2"), Seg("374aed40"), Seg("f8f6682a"), Seg("decf003d"), Seg("2cfde203"), Seg("cd2c9a02"), Seg("6a5ef224"), Seg("c779c6e6"), Seg("afbfe0da"), Seg("ac725f83"), Seg("4ce1c36a"), Seg("e33bf205"), Seg("ca7492aa"), Seg("ac978f83")]
[2m2025-10-27T05:30:51.250791Z[0m [32m INFO[0m [2mtantivy::indexer::index_writer[0m[2m:[0m [2m/home/pde/.cargo/registry/src/index.crates.io-1949cf8c6b5b557f/tantivy-0.24.2/src/indexer/index_writer.rs[0m[2m:[0m[2m647:[0m Prepared commit 56
[2m2025-10-27T05:30:51.250881Z[0m [32m INFO[0m [2mtantivy::indexer::prepared_commit[0m[2m:[0m [2m/home/pde/.cargo/registry/src/index.crates.io-1949cf8c6b5b557f/tantivy-0.24.2/src/indexer/prepared_commit.rs[0m[2m:[0m[2m48:[0m committing 56
[2m2025-10-27T05:30:51.251054Z[0m [32m INFO[0m [2mtantivy::indexer::segment_updater[0m[2m:[0m [2m/home/pde/.cargo/registry/src/index.crates.io-1949cf8c6b5b557f/tantivy-0.24.2/src/indexer/segment_updater.rs[0m[2m:[0m[2m39:[0m save metas
[2m2025-10-27T05:30:51.253019Z[0m [32m INFO[0m [2mtantivy::indexer::segment_updater[0m[2m:[0m [2m/home/pde/.cargo/registry/src/index.crates.io-1949cf8c6b5b557f/tantivy-0.24.2/src/indexer/segment_updater.rs[0m[2m:[0m[2m78:[0m Running garbage collection
[2m2025-10-27T05:30:51.253103Z[0m [32m INFO[0m [2mtantivy::directory::managed_directory[0m[2m:[0m [2m/home/pde/.cargo/registry/src/index.crates.io-1949cf8c6b5b557f/tantivy-0.24.2/src/directory/managed_directory.rs[0m[2m:[0m[2m113:[0m Garbage collect
[2m2025-10-27T05:30:51.254597Z[0m [32m INFO[0m [2mtantivy::directory::managed_directory[0m[2m:[0m [2m/home/pde/.cargo/registry/src/index.crates.io-1949cf8c6b5b557f/tantivy-0.24.2/src/directory/managed_directory.rs[0m[2m:[0m[2m160:[0m Deleted "54a908b7f255446dbf89ba44741048b5.term"
[2m2025-10-27T05:30:51.254710Z[0m [32m INFO[0m [2mtantivy::directory::managed_directory[0m[2m:[0m [2m/home/pde/.cargo/registry/src/index.crates.io-1949cf8c6b5b557f/tantivy-0.24.2/src/directory/managed_directory.rs[0m[2m:[0m[2m160:[0m Deleted "54a908b7f255446dbf89ba44741048b5.store"
[2m2025-10-27T05:30:51.254816Z[0m [32m INFO[0m [2mtantivy::directory::managed_directory[0m[2m:[0m [2m/home/pde/.cargo/registry/src/index.crates.io-1949cf8c6b5b557f/tantivy-0.24.2/src/directory/managed_directory.rs[0m[2m:[0m[2m160:[0m Deleted "54a908b7f255446dbf89ba44741048b5.idx"
[2m2025-10-27T05:30:51.254940Z[0m [32m INFO[0m [2mtantivy::directory::managed_directory[0m[2m:[0m [2m/home/pde/.cargo/registry/src/index.crates.io-1949cf8c6b5b557f/tantivy-0.24.2/src/directory/managed_directory.rs[0m[2m:[0m[2m160:[0m Deleted "54a908b7f255446dbf89ba44741048b5.pos"
[2m2025-10-27T05:30:51.255046Z[0m [32m INFO[0m [2mtantivy::directory::managed_directory[0m[2m:[0m [2m/home/pde/.cargo/registry/src/index.crates.io-1949cf8c6b5b557f/tantivy-0.24.2/src/directory/managed_directory.rs[0m[2m:[0m[2m160:[0m Deleted "54a908b7f255446dbf89ba44741048b5.fieldnorm"
[2m2025-10-27T05:30:51.255148Z[0m [32m INFO[0m [2mtantivy::directory::managed_directory[0m[2m:[0m [2m/home/pde/.cargo/registry/src/index.crates.io-1949cf8c6b5b557f/tantivy-0.24.2/src/directory/managed_directory.rs[0m[2m:[0m[2m160:[0m Deleted "54a908b7f255446dbf89ba44741048b5.fast"
[2m2025-10-27T05:30:51.257543Z[0m [32m INFO[0m [2mag::retriever[0m[2m:[0m [2msrc/retriever.rs[0m[2m:[0m[2m315:[0m Search cache cleared
[2m2025-10-27T05:30:51.260128Z[0m [32m INFO[0m [2mtantivy::indexer::index_writer[0m[2m:[0m [2m/home/pde/.cargo/registry/src/index.crates.io-1949cf8c6b5b557f/tantivy-0.24.2/src/indexer/index_writer.rs[0m[2m:[0m[2m629:[0m Preparing commit
[2m2025-10-27T05:30:51.305937Z[0m [32m INFO[0m [2mtantivy::indexer::segment_updater[0m[2m:[0m [2m/home/pde/.cargo/registry/src/index.crates.io-1949cf8c6b5b557f/tantivy-0.24.2/src/indexer/segment_updater.rs[0m[2m:[0m[2m511:[0m Starting merge  - [Seg("f70c8873"), Seg("6a5ef224"), Seg("a9ad6d23"), Seg("da30d875"), Seg("bbd9ede0"), Seg("c779c6e6"), Seg("e5dede35"), Seg("ca7492aa"), Seg("51f1e6cf"), Seg("67df30bb"), Seg("74757a46"), Seg("1a82cff2"), Seg("decf003d"), Seg("b047c5f9"), Seg("12adefd8"), Seg("cd2c9a02"), Seg("afbfe0da"), Seg("374aed40"), Seg("ac725f83"), Seg("4ce1c36a"), Seg("f8f6682a"), Seg("79e08d2e"), Seg("5c2f82ed"), Seg("2cfde203"), Seg("e33bf205"), Seg("ac978f83"), Seg("da61b9a1"), Seg("650358d7")]
[2m2025-10-27T05:30:51.306634Z[0m [32m INFO[0m [2mtantivy::indexer::index_writer[0m[2m:[0m [2m/home/pde/.cargo/registry/src/index.crates.io-1949cf8c6b5b557f/tantivy-0.24.2/src/indexer/index_writer.rs[0m[2m:[0m[2m647:[0m Prepared commit 58
[2m2025-10-27T05:30:51.306721Z[0m [32m INFO[0m [2mtantivy::indexer::prepared_commit[0m[2m:[0m [2m/home/pde/.cargo/registry/src/index.crates.io-1949cf8c6b5b557f/tantivy-0.24.2/src/indexer/prepared_commit.rs[0m[2m:[0m[2m48:[0m committing 58
[2m2025-10-27T05:30:51.306887Z[0m [32m INFO[0m [2mtantivy::indexer::segment_updater[0m[2m:[0m [2m/home/pde/.cargo/registry/src/index.crates.io-1949cf8c6b5b557f/tantivy-0.24.2/src/indexer/segment_updater.rs[0m[2m:[0m[2m39:[0m save metas
[2m2025-10-27T05:30:51.308720Z[0m [32m INFO[0m [2mtantivy::indexer::segment_updater[0m[2m:[0m [2m/home/pde/.cargo/registry/src/index.crates.io-1949cf8c6b5b557f/tantivy-0.24.2/src/indexer/segment_updater.rs[0m[2m:[0m[2m78:[0m Running garbage collection
[2m2025-10-27T05:30:51.308804Z[0m [32m INFO[0m [2mtantivy::directory::managed_directory[0m[2m:[0m [2m/home/pde/.cargo/registry/src/index.crates.io-1949cf8c6b5b557f/tantivy-0.24.2/src/directory/managed_directory.rs[0m[2m:[0m[2m113:[0m Garbage collect
[2m2025-10-27T05:30:51.310394Z[0m [32m INFO[0m [2mtantivy::directory::managed_directory[0m[2m:[0m [2m/home/pde/.cargo/registry/src/index.crates.io-1949cf8c6b5b557f/tantivy-0.24.2/src/directory/managed_directory.rs[0m[2m:[0m[2m160:[0m Deleted "e48131fded21438199377a0408b464de.store"
[2m2025-10-27T05:30:51.310517Z[0m [32m INFO[0m [2mtantivy::directory::managed_directory[0m[2m:[0m [2m/home/pde/.cargo/registry/src/index.crates.io-1949cf8c6b5b557f/tantivy-0.24.2/src/directory/managed_directory.rs[0m[2m:[0m[2m160:[0m Deleted "e48131fded21438199377a0408b464de.pos"
[2m2025-10-27T05:30:51.310622Z[0m [32m INFO[0m [2mtantivy::directory::managed_directory[0m[2m:[0m [2m/home/pde/.cargo/registry/src/index.crates.io-1949cf8c6b5b557f/tantivy-0.24.2/src/directory/managed_directory.rs[0m[2m:[0m[2m160:[0m Deleted "e48131fded21438199377a0408b464de.fast"
[2m2025-10-27T05:30:51.310730Z[0m [32m INFO[0m [2mtantivy::directory::managed_directory[0m[2m:[0m [2m/home/pde/.cargo/registry/src/index.crates.io-1949cf8c6b5b557f/tantivy-0.24.2/src/directory/managed_directory.rs[0m[2m:[0m[2m160:[0m Deleted "e48131fded21438199377a0408b464de.fieldnorm"
[2m2025-10-27T05:30:51.310922Z[0m [32m INFO[0m [2mtantivy::directory::managed_directory[0m[2m:[0m [2m/home/pde/.cargo/registry/src/index.crates.io-1949cf8c6b5b557f/tantivy-0.24.2/src/directory/managed_directory.rs[0m[2m:[0m[2m160:[0m Deleted "e48131fded21438199377a0408b464de.term"
[2m2025-10-27T05:30:51.311096Z[0m [32m INFO[0m [2mtantivy::directory::managed_directory[0m[2m:[0m [2m/home/pde/.cargo/registry/src/index.crates.io-1949cf8c6b5b557f/tantivy-0.24.2/src/directory/managed_directory.rs[0m[2m:[0m[2m160:[0m Deleted "e48131fded21438199377a0408b464de.idx"
[2m2025-10-27T05:30:51.313959Z[0m [32m INFO[0m [2mag::retriever[0m[2m:[0m [2msrc/retriever.rs[0m[2m:[0m[2m315:[0m Search cache cleared
[2m2025-10-27T05:30:51.315949Z[0m [32m INFO[0m [2mtantivy::indexer::index_writer[0m[2m:[0m [2m/home/pde/.cargo/registry/src/index.crates.io-1949cf8c6b5b557f/tantivy-0.24.2/src/indexer/index_writer.rs[0m[2m:[0m[2m629:[0m Preparing commit
[2m2025-10-27T05:30:51.364147Z[0m [32m INFO[0m [2mtantivy::indexer::segment_updater[0m[2m:[0m [2m/home/pde/.cargo/registry/src/index.crates.io-1949cf8c6b5b557f/tantivy-0.24.2/src/indexer/segment_updater.rs[0m[2m:[0m[2m511:[0m Starting merge  - [Seg("6a5ef224"), Seg("b047c5f9"), Seg("f70c8873"), Seg("79e08d2e"), Seg("ca7492aa"), Seg("51f1e6cf"), Seg("e33bf205"), Seg("da30d875"), Seg("decf003d"), Seg("bbd9ede0"), Seg("12adefd8"), Seg("74757a46"), Seg("ac978f83"), Seg("374aed40"), Seg("5c2f82ed"), Seg("2cfde203"), Seg("afbfe0da"), Seg("da61b9a1"), Seg("f8f6682a"), Seg("1a82cff2"), Seg("67df30bb"), Seg("e5dede35"), Seg("a9ad6d23"), Seg("ac725f83"), Seg("c779c6e6"), Seg("72a1d89d"), Seg("4ce1c36a"), Seg("650358d7"), Seg("cd2c9a02")]
[2m2025-10-27T05:30:51.364952Z[0m [32m INFO[0m [2mtantivy::indexer::index_writer[0m[2m:[0m [2m/home/pde/.cargo/registry/src/index.crates.io-1949cf8c6b5b557f/tantivy-0.24.2/src/indexer/index_writer.rs[0m[2m:[0m[2m647:[0m Prepared commit 60
[2m2025-10-27T05:30:51.365085Z[0m [32m INFO[0m [2mtantivy::indexer::prepared_commit[0m[2m:[0m [2m/home/pde/.cargo/registry/src/index.crates.io-1949cf8c6b5b557f/tantivy-0.24.2/src/indexer/prepared_commit.rs[0m[2m:[0m[2m48:[0m committing 60
[2m2025-10-27T05:30:51.365257Z[0m [32m INFO[0m [2mtantivy::indexer::segment_updater[0m[2m:[0m [2m/home/pde/.cargo/registry/src/index.crates.io-1949cf8c6b5b557f/tantivy-0.24.2/src/indexer/segment_updater.rs[0m[2m:[0m[2m39:[0m save metas
[2m2025-10-27T05:30:51.367229Z[0m [32m INFO[0m [2mtantivy::indexer::segment_updater[0m[2m:[0m [2m/home/pde/.cargo/registry/src/index.crates.io-1949cf8c6b5b557f/tantivy-0.24.2/src/indexer/segment_updater.rs[0m[2m:[0m[2m78:[0m Running garbage collection
[2m2025-10-27T05:30:51.367349Z[0m [32m INFO[0m [2mtantivy::directory::managed_directory[0m[2m:[0m [2m/home/pde/.cargo/registry/src/index.crates.io-1949cf8c6b5b557f/tantivy-0.24.2/src/directory/managed_directory.rs[0m[2m:[0m[2m113:[0m Garbage collect
[2m2025-10-27T05:30:51.368966Z[0m [32m INFO[0m [2mtantivy::directory::managed_directory[0m[2m:[0m [2m/home/pde/.cargo/registry/src/index.crates.io-1949cf8c6b5b557f/tantivy-0.24.2/src/directory/managed_directory.rs[0m[2m:[0m[2m160:[0m Deleted "bf64522d499c492bab4c75578f2f289b.idx"
[2m2025-10-27T05:30:51.369139Z[0m [32m INFO[0m [2mtantivy::directory::managed_directory[0m[2m:[0m [2m/home/pde/.cargo/registry/src/index.crates.io-1949cf8c6b5b557f/tantivy-0.24.2/src/directory/managed_directory.rs[0m[2m:[0m[2m160:[0m Deleted "bf64522d499c492bab4c75578f2f289b.store"
[2m2025-10-27T05:30:51.369281Z[0m [32m INFO[0m [2mtantivy::directory::managed_directory[0m[2m:[0m [2m/home/pde/.cargo/registry/src/index.crates.io-1949cf8c6b5b557f/tantivy-0.24.2/src/directory/managed_directory.rs[0m[2m:[0m[2m160:[0m Deleted "bf64522d499c492bab4c75578f2f289b.term"
[2m2025-10-27T05:30:51.369398Z[0m [32m INFO[0m [2mtantivy::directory::managed_directory[0m[2m:[0m [2m/home/pde/.cargo/registry/src/index.crates.io-1949cf8c6b5b557f/tantivy-0.24.2/src/directory/managed_directory.rs[0m[2m:[0m[2m160:[0m Deleted "bf64522d499c492bab4c75578f2f289b.pos"
[2m2025-10-27T05:30:51.369501Z[0m [32m INFO[0m [2mtantivy::directory::managed_directory[0m[2m:[0m [2m/home/pde/.cargo/registry/src/index.crates.io-1949cf8c6b5b557f/tantivy-0.24.2/src/directory/managed_directory.rs[0m[2m:[0m[2m160:[0m Deleted "bf64522d499c492bab4c75578f2f289b.fieldnorm"
[2m2025-10-27T05:30:51.369605Z[0m [32m INFO[0m [2mtantivy::directory::managed_directory[0m[2m:[0m [2m/home/pde/.cargo/registry/src/index.crates.io-1949cf8c6b5b557f/tantivy-0.24.2/src/directory/managed_directory.rs[0m[2m:[0m[2m160:[0m Deleted "bf64522d499c492bab4c75578f2f289b.fast"
[2m2025-10-27T05:30:51.372082Z[0m [32m INFO[0m [2mag::retriever[0m[2m:[0m [2msrc/retriever.rs[0m[2m:[0m[2m315:[0m Search cache cleared
[2m2025-10-27T05:30:51.373768Z[0m [32m INFO[0m [2mag[0m[2m:[0m [2msrc/main.rs[0m[2m:[0m[2m173:[0m ✓ Document indexing completed [3mduration_ms[0m[2m=[0m163
[2m2025-10-27T05:30:51.373893Z[0m [32m INFO[0m [2mag[0m[2m:[0m [2msrc/main.rs[0m[2m:[0m[2m187:[0m ═══════════════════════════════════════════════════════════
[2m2025-10-27T05:30:51.373936Z[0m [32m INFO[0m [2mag[0m[2m:[0m [2msrc/main.rs[0m[2m:[0m[2m188:[0m 🎉 Application Started Successfully!
[2m2025-10-27T05:30:51.373968Z[0m [32m INFO[0m [2mag[0m[2m:[0m [2msrc/main.rs[0m[2m:[0m[2m189:[0m    Version: 13.1.2
[2m2025-10-27T05:30:51.373990Z[0m [32m INFO[0m [2mag[0m[2m:[0m [2msrc/main.rs[0m[2m:[0m[2m190:[0m    Total Startup Time: 182ms
[2m2025-10-27T05:30:51.374015Z[0m [32m INFO[0m [2mag[0m[2m:[0m [2msrc/main.rs[0m[2m:[0m[2m191:[0m    Server: http://127.0.0.1:3010
[2m2025-10-27T05:30:51.374037Z[0m [32m INFO[0m [2mag[0m[2m:[0m [2msrc/main.rs[0m[2m:[0m[2m192:[0m    Health: http://127.0.0.1:3010/monitoring/health
[2m2025-10-27T05:30:51.374079Z[0m [32m INFO[0m [2mag[0m[2m:[0m [2msrc/main.rs[0m[2m:[0m[2m193:[0m    Metrics: http://127.0.0.1:3010/monitoring/metrics
[2m2025-10-27T05:30:51.374115Z[0m [32m INFO[0m [2mag[0m[2m:[0m [2msrc/main.rs[0m[2m:[0m[2m194:[0m    Ready: http://127.0.0.1:3010/monitoring/ready
[2m2025-10-27T05:30:51.374152Z[0m [32m INFO[0m [2mag[0m[2m:[0m [2msrc/main.rs[0m[2m:[0m[2m195:[0m ═══════════════════════════════════════════════════════════
[2m2025-10-27T05:30:51.374183Z[0m [32m INFO[0m [2mag[0m[2m:[0m [2msrc/main.rs[0m[2m:[0m[2m197:[0m 🚀 Starting API server on http://127.0.0.1:3010 ...
[2m2025-10-27T05:30:51.374224Z[0m [32m INFO[0m [2mag::embedder[0m[2m:[0m [2msrc/embedder.rs[0m[2m:[0m[2m54:[0m Initializing EmbeddingService [3mbatch_size[0m[2m=[0m32 [3mcache_size[0m[2m=[0m10000
[2m2025-10-27T05:30:51.374264Z[0m [32m INFO[0m [2mag::memory::vector_store[0m[2m:[0m [2msrc/memory/vector_store.rs[0m[2m:[0m[2m157:[0m Initializing VectorStore with memory bounds [3mdb_path[0m[2m=[0m"./lancedb" [3mtable_name[0m[2m=[0mchunks [3mmax_vectors[0m[2m=[0m10000 [3meviction_policy[0m[2m=[0mLRU
[2m2025-10-27T05:30:51.374500Z[0m [32m INFO[0m [2mactix_server::builder[0m[2m:[0m [2m/home/pde/.cargo/registry/src/index.crates.io-1949cf8c6b5b557f/actix-server-2.6.0/src/builder.rs[0m[2m:[0m[2m310:[0m starting 4 workers
[2m2025-10-27T05:30:51.374548Z[0m [32m INFO[0m [2mactix_server::server[0m[2m:[0m [2m/home/pde/.cargo/registry/src/index.crates.io-1949cf8c6b5b557f/actix-server-2.6.0/src/server.rs[0m[2m:[0m[2m191:[0m Actix runtime found; starting in Actix runtime
[2m2025-10-27T05:30:51.374583Z[0m [32m INFO[0m [2mactix_server::server[0m[2m:[0m [2m/home/pde/.cargo/registry/src/index.crates.io-1949cf8c6b5b557f/actix-server-2.6.0/src/server.rs[0m[2m:[0m[2m197:[0m starting service: "actix-web-service-127.0.0.1:3010", workers: 4, listening on: 127.0.0.1:3010
[2m2025-10-27T05:30:51.709995Z[0m [32m INFO[0m [2mtantivy::directory::file_watcher[0m[2m:[0m [2m/home/pde/.cargo/registry/src/index.crates.io-1949cf8c6b5b557f/tantivy-0.24.2/src/directory/file_watcher.rs[0m[2m:[0m[2m54:[0m Meta file "/home/pde/.local/share/ag/index/tantivy/meta.json" was modified
[2m2025-10-27T05:30:53.074223Z[0m [32m INFO[0m [2mactix_server::server[0m[2m:[0m [2m/home/pde/.cargo/registry/src/index.crates.io-1949cf8c6b5b557f/actix-server-2.6.0/src/server.rs[0m[2m:[0m[2m342:[0m SIGTERM received; starting graceful shutdown
[2m2025-10-27T05:30:53.074457Z[0m [32m INFO[0m [2mactix_server::worker[0m[2m:[0m [2m/home/pde/.cargo/registry/src/index.crates.io-1949cf8c6b5b557f/actix-server-2.6.0/src/worker.rs[0m[2m:[0m[2m593:[0m shutting down idle worker
[2m2025-10-27T05:30:53.074474Z[0m [32m INFO[0m [2mactix_server::worker[0m[2m:[0m [2m/home/pde/.cargo/registry/src/index.crates.io-1949cf8c6b5b557f/actix-server-2.6.0/src/worker.rs[0m[2m:[0m[2m593:[0m shutting down idle worker
[2m2025-10-27T05:30:53.074539Z[0m [32m INFO[0m [2mactix_server::worker[0m[2m:[0m [2m/home/pde/.cargo/registry/src/index.crates.io-1949cf8c6b5b557f/actix-server-2.6.0/src/worker.rs[0m[2m:[0m[2m593:[0m shutting down idle worker
[2m2025-10-27T05:30:53.075093Z[0m [32m INFO[0m [2mactix_server::accept[0m[2m:[0m [2m/home/pde/.cargo/registry/src/index.crates.io-1949cf8c6b5b557f/actix-server-2.6.0/src/accept.rs[0m[2m:[0m[2m143:[0m accept thread stopped
[2m2025-10-27T05:30:53.075567Z[0m [32m INFO[0m [2mactix_server::worker[0m[2m:[0m [2m/home/pde/.cargo/registry/src/index.crates.io-1949cf8c6b5b557f/actix-server-2.6.0/src/worker.rs[0m[2m:[0m[2m593:[0m shutting down idle worker
