==== 2025-11-15T10:55:29+01:00 starting tmux_startup ====
Using TMUX_BIN=/usr/bin/tmux
Target session=main
CWD=/home/pde/ag
HOME=/home/pde USER=pde
Creating new session main
Window Q already exists
Creating window prome
Creating window graf
Starting Qodo in window Q
main: 3 windows (created Sat Nov 15 10:55:29 2025)
==== 2025-11-15T10:55:29+01:00 finished tmux_startup ====
==== 2025-11-15T11:11:09+01:00 starting tmux_startup ====
Using TMUX_BIN=/usr/bin/tmux
Target session=main
CWD=/home/pde/ag
HOME=/home/pde USER=pde
Creating new session main
Window Q already exists
Creating window prome
Creating window graf
Starting Qodo in window Q
main: 3 windows (created Sat Nov 15 11:11:09 2025)
==== 2025-11-15T11:11:11+01:00 finished tmux_startup ====
==== 2025-11-15T11:43:39+01:00 starting tmux_startup ====
Using TMUX_BIN=/usr/bin/tmux
Target session=main
CWD=/home/pde/ag
HOME=/home/pde USER=pde
Creating new session main
Window Q already exists
Creating window prome
Creating window graf
Starting Qodo in window Q
main: 3 windows (created Sat Nov 15 11:43:39 2025)
==== 2025-11-15T11:43:44+01:00 finished tmux_startup ====
==== 2025-11-15T11:47:10+01:00 starting tmux_startup ====
Using TMUX_BIN=/usr/bin/tmux
Target session=main
CWD=/home/pde/ag
HOME=/home/pde USER=pde
Creating new session main
duplicate session: main
ERROR: tmux new-session failed
==== 2025-11-15T11:48:24+01:00 starting tmux_startup ====
Using TMUX_BIN=/usr/bin/tmux
Target session=main
CWD=/home/pde/ag
HOME=/home/pde USER=pde
Session main already exists
Window Q already exists
Window prome already exists
Window graf already exists
Starting Qodo in window Q
main: 3 windows (created Sat Nov 15 11:48:25 2025)
==== 2025-11-15T11:48:30+01:00 finished tmux_startup ====
==== 2025-11-15T13:11:19+01:00 starting tmux_startup ====
Using TMUX_BIN=/usr/bin/tmux
Target session=main
CWD=/home/pde/ag
HOME=/home/pde USER=pde
Creating new session main
Window Q already exists
Creating window prome
Creating window graf
Starting Qodo in window Q
main: 3 windows (created Sat Nov 15 13:11:19 2025) (attached)
==== 2025-11-15T13:11:24+01:00 finished tmux_startup ====
==== 2025-11-15T13:23:42+01:00 starting tmux_startup ====
Using TMUX_BIN=/usr/bin/tmux
Target session=main
CWD=/home/pde/ag
HOME=/home/pde USER=pde
Creating new session main
Window Q already exists
Creating window prome
Creating window graf
Starting Qodo in window Q
main: 3 windows (created Sat Nov 15 13:23:42 2025) (attached)
==== 2025-11-15T13:23:48+01:00 finished tmux_startup ====
==== 2025-11-18T14:07:26+01:00 starting tmux_startup ====
Using TMUX_BIN=/usr/bin/tmux
Target session=main
CWD=/home/pde/ag
HOME=/home/pde USER=pde
Creating new session main
Window Q already exists
Creating window prome
Creating window graf
Starting Qodo in window Q
main: 3 windows (created Tue Nov 18 14:07:26 2025)
==== 2025-11-18T14:07:31+01:00 finished tmux_startup ====
==== 2025-11-19T10:05:50+01:00 starting tmux_startup ====
Using TMUX_BIN=/usr/bin/tmux
Target session=main
CWD=/home/pde/ag
HOME=/home/pde USER=pde
Creating new session main
Window Q already exists
Creating window prome
Creating window graf
Starting Qodo in window Q
main: 3 windows (created Wed Nov 19 10:05:50 2025)
==== 2025-11-19T10:05:55+01:00 finished tmux_startup ====
==== 2025-11-19T11:29:04+01:00 starting tmux_startup ====
Using TMUX_BIN=/usr/bin/tmux
Target session=main
CWD=/home/pde/ag
HOME=/home/pde USER=pde
Creating new session main
Window Q already exists
Creating window prome
Creating window graf
Starting Qodo in window Q
main: 3 windows (created Wed Nov 19 11:29:05 2025)
==== 2025-11-19T11:29:10+01:00 finished tmux_startup ====
==== 2025-11-19T13:58:25+01:00 starting tmux_startup ====
Using TMUX_BIN=/usr/bin/tmux
Target session=main
CWD=/home/pde/ag
HOME=/home/pde USER=pde
Creating new session main
Window Q already exists
Creating window prome
Creating window graf
Starting Qodo in window Q
no server running on /tmp/tmux-1000/default
==== 2025-11-19T14:00:37+01:00 starting tmux_startup ====
Using TMUX_BIN=/usr/bin/tmux
Target session=main
CWD=/home/pde/ag
HOME=/home/pde USER=pde
Creating new session main
Window Q already exists
Creating window prome
Creating window graf
Starting Qodo in window Q
no server running on /tmp/tmux-1000/default
==== 2025-11-19T14:21:45+01:00 starting tmux_startup ====
Using TMUX_BIN=/usr/bin/tmux
Target session=main
CWD=/home/pde/ag
HOME=/home/pde USER=pde
Creating new session main
Creating window Q
no server running on /tmp/tmux-1000/default
